<?xml version="1.0" encoding="utf-8"?>
<testsuites disabled="0" errors="0" failures="0" tests="17" time="28.853889936814085">
	<testsuite disabled="0" errors="0" failures="0" name="schemathesis" skipped="0" tests="17" time="28.853889936814085" hostname="error51">
		<testcase name="POST /admin/users/{id}/roles" time="4.842875"/>
		<testcase name="POST /auth/login" time="0.039056"/>
		<testcase name="POST /auth/logout" time="0.040258"/>
		<testcase name="POST /auth/refresh" time="0.040119"/>
		<testcase name="POST /auth/register" time="0.044942"/>
		<testcase name="POST /files" time="0.052976"/>
		<testcase name="POST /items" time="0.045327"/>
		<testcase name="PUT /items/{id}" time="6.319833"/>
		<testcase name="GET /admin/users" time="0.053149"/>
		<testcase name="GET /files/{id}" time="3.510747"/>
		<testcase name="GET /health" time="0.044115"/>
		<testcase name="GET /items" time="0.021159"/>
		<testcase name="GET /items/{id}" time="6.460985"/>
		<testcase name="PATCH /items/{id}" time="0.327458"/>
		<testcase name="DELETE /admin/users/{id}" time="3.306472"/>
		<testcase name="DELETE /files/{id}" time="3.395860"/>
		<testcase name="DELETE /items/{id}" time="0.308557"/>
	</testsuite>
</testsuites>
